<?xml version="1.0" encoding="UTF-8"?>
<!-- Generated by org.testng.reporters.JUnitReportReporter -->
<testsuite hostname="DESKTOP-RG878RI" failures="0" tests="1" name="myTestCases.MyClass" time="3.730" errors="0" timestamp="2024-05-18T19:13:02 EEST" skipped="0">
  <testcase classname="myTestCases.MyClass" name="login" time="3.730"/>
  <system-out/>
</testsuite> <!-- myTestCases.MyClass -->
